<?xml version="1.0" encoding="UTF-8" ?>
<testsuite tests="1" failures="0" name="estadao.RunCucumberTest" time="0.003" errors="1" skipped="0">
  <properties>
[...]
</properties>
  <testcase classname="estadao.RunCucumberTest" name="initializationError" time="0.003">
    <error message="No backends were found. Please make sure you have a backend module on your CLASSPATH." type="cucumber.runtime.CucumberException">cucumber.runtime.CucumberException: No backends were found. Please make sure you have a backend module on your CLASSPATH.
	at cucumber.runtime.BackendModuleBackendSupplier.get(BackendModuleBackendSupplier.java:39)
	at cucumber.runner.ThreadLocalRunnerSupplier.createRunner(ThreadLocalRunnerSupplier.java:44)
	at cucumber.runner.ThreadLocalRunnerSupplier.access$000(ThreadLocalRunnerSupplier.java:15)
	at cucumber.runner.ThreadLocalRunnerSupplier$1.initialValue(ThreadLocalRunnerSupplier.java:24)
	at cucumber.runner.ThreadLocalRunnerSupplier$1.initialValue(ThreadLocalRunnerSupplier.java:21)
	at java.lang.ThreadLocal.setInitialValue(ThreadLocal.java:180)
	at java.lang.ThreadLocal.get(ThreadLocal.java:170)
	at cucumber.runner.ThreadLocalRunnerSupplier.get(ThreadLocalRunnerSupplier.java:40)
	at cucumber.api.junit.Cucumber.&lt;init&gt;(Cucumber.java:108)
	at sun.reflect.NativeConstructorAccessorImpl.newInstance0(Native Method)
	at sun.reflect.NativeConstructorAccessorImpl.newInstance(NativeConstructorAccessorImpl.java:62)
	at sun.reflect.DelegatingConstructorAccessorImpl.newInstance(DelegatingConstructorAccessorImpl.java:45)
	at java.lang.reflect.Constructor.newInstance(Constructor.java:423)
	at org.junit.internal.builders.AnnotatedBuilder.buildRunner(AnnotatedBuilder.java:104)
	at org.junit.internal.builders.AnnotatedBuilder.runnerForClass(AnnotatedBuilder.java:86)
	at org.junit.runners.model.RunnerBuilder.safeRunnerForClass(RunnerBuilder.java:59)
	at org.junit.internal.builders.AllDefaultPossibilitiesBuilder.runnerForClass(AllDefaultPossibilitiesBuilder.java:26)
	at org.junit.runners.model.RunnerBuilder.safeRunnerForClass(RunnerBuilder.java:59)
	at org.junit.internal.requests.ClassRequest.getRunner(ClassRequest.java:33)
	at org.apache.maven.surefire.junit4.JUnit4Provider.execute(JUnit4Provider.java:250)
	at org.apache.maven.surefire.junit4.JUnit4Provider.executeTestSet(JUnit4Provider.java:141)
	at org.apache.maven.surefire.junit4.JUnit4Provider.invoke(JUnit4Provider.java:112)
	at sun.reflect.NativeMethodAccessorImpl.invoke0(Native Method)
	at sun.reflect.NativeMethodAccessorImpl.invoke(NativeMethodAccessorImpl.java:62)
	at sun.reflect.DelegatingMethodAccessorImpl.invoke(DelegatingMethodAccessorImpl.java:43)
	at java.lang.reflect.Method.invoke(Method.java:498)
	at org.apache.maven.surefire.util.ReflectionUtils.invokeMethodWithArray(ReflectionUtils.java:189)
	at org.apache.maven.surefire.booter.ProviderFactory$ProviderProxy.invoke(ProviderFactory.java:165)
	at org.apache.maven.surefire.booter.ProviderFactory.invokeProvider(ProviderFactory.java:85)
	at org.apache.maven.surefire.booter.ForkedBooter.runSuitesInProcess(ForkedBooter.java:115)
	at org.apache.maven.surefire.booter.ForkedBooter.main(ForkedBooter.java:75)
</error>
  </testcase>
</testsuite>